[debug] [2022-10-27T15:42:49.215Z] ----------------------------------------------------------------------
[debug] [2022-10-27T15:42:49.216Z] Command:       T:\Program Files\nodejs\node.exe C:\Users\azadr\AppData\Roaming\npm\node_modules\firebase-tools\lib\bin\firebase.js init
[debug] [2022-10-27T15:42:49.217Z] CLI Version:   11.15.0
[debug] [2022-10-27T15:42:49.217Z] Platform:      win32
[debug] [2022-10-27T15:42:49.217Z] Node Version:  v16.15.1
[debug] [2022-10-27T15:42:49.218Z] Time:          Thu Oct 27 2022 21:42:49 GMT+0600 (Bangladesh Standard Time)
[debug] [2022-10-27T15:42:49.218Z] ----------------------------------------------------------------------
[debug] 
[debug] [2022-10-27T15:42:49.307Z] > command requires scopes: ["email","openid","https://www.googleapis.com/auth/cloudplatformprojects.readonly","https://www.googleapis.com/auth/firebase","https://www.googleapis.com/auth/cloud-platform"]
[debug] [2022-10-27T15:42:49.307Z] > authorizing via signed-in user (azadriana96@gmail.com)
[info] 
     ######## #### ########  ######## ########     ###     ######  ########
     ##        ##  ##     ## ##       ##     ##  ##   ##  ##       ##
     ######    ##  ########  ######   ########  #########  ######  ######
     ##        ##  ##    ##  ##       ##     ## ##     ##       ## ##
     ##       #### ##     ## ######## ########  ##     ##  ######  ########

You're about to initialize a Firebase project in this directory:

  C:\projects\education-platform-client

Before we get started, keep in mind:

  * You are currently outside your home directory
  * You are initializing within an existing Firebase project directory

